\BOOKMARK [0][-]{chapter.1}{Introduction}{}% 1
\BOOKMARK [1][-]{section.1.1}{Motivation}{chapter.1}% 2
\BOOKMARK [1][-]{section.1.2}{Contribution}{chapter.1}% 3
\BOOKMARK [2][-]{subsection.1.2.1}{Learning to reason with uncertainty as humans}{section.1.2}% 4
\BOOKMARK [2][-]{subsection.1.2.2}{Non-parametric Bayesian state space filter}{section.1.2}% 5
\BOOKMARK [2][-]{subsection.1.2.3}{Reinforcement learning in belief space}{section.1.2}% 6
\BOOKMARK [1][-]{section.1.3}{Thesis outline}{chapter.1}% 7
\BOOKMARK [0][-]{chapter.2}{Background}{}% 8
\BOOKMARK [1][-]{section.2.1}{Decisions under uncertainty}{chapter.2}% 9
\BOOKMARK [2][-]{subsection.2.1.1}{Decision theory}{section.2.1}% 10
\BOOKMARK [1][-]{section.2.2}{Sequential decision making}{chapter.2}% 11
\BOOKMARK [2][-]{subsection.2.2.1}{POMDP}{section.2.2}% 12
\BOOKMARK [1][-]{section.2.3}{Literature review}{chapter.2}% 13
\BOOKMARK [2][-]{subsection.2.3.1}{Value Iteration}{section.2.3}% 14
\BOOKMARK [2][-]{subsection.2.3.2}{Policy search}{section.2.3}% 15
\BOOKMARK [2][-]{subsection.2.3.3}{Planning}{section.2.3}% 16
\BOOKMARK [2][-]{subsection.2.3.4}{Heuristics}{section.2.3}% 17
\BOOKMARK [2][-]{subsection.2.3.5}{Summary: literature}{section.2.3}% 18
\BOOKMARK [1][-]{section.2.4}{Approach}{chapter.2}% 19
\BOOKMARK [0][-]{chapter.3}{Learning to reason with uncertainty as humans}{}% 20
\BOOKMARK [1][-]{section.3.1}{Background}{chapter.3}% 21
\BOOKMARK [2][-]{subsection.3.1.1}{Spatial navigation}{section.3.1}% 22
\BOOKMARK [2][-]{subsection.3.1.2}{Human beliefs}{section.3.1}% 23
\BOOKMARK [2][-]{subsection.3.1.3}{Programming by demonstration \046 uncertainty}{section.3.1}% 24
\BOOKMARK [2][-]{subsection.3.1.4}{Experimental setup}{section.3.1}% 25
\BOOKMARK [2][-]{subsection.3.1.5}{Formulation}{section.3.1}% 26
\BOOKMARK [1][-]{section.3.2}{Methods}{chapter.3}% 27
\BOOKMARK [2][-]{subsection.3.2.1}{Model of human search}{section.3.2}% 28
\BOOKMARK [2][-]{subsection.3.2.2}{Coastal Navigation}{section.3.2}% 29
\BOOKMARK [2][-]{subsection.3.2.3}{Control}{section.3.2}% 30
\BOOKMARK [1][-]{section.3.3}{Results and discussion}{chapter.3}% 31
\BOOKMARK [2][-]{subsection.3.3.1}{Search \046 behaviour analysis}{section.3.3}% 32
\BOOKMARK [2][-]{subsection.3.3.2}{GMM \046 Coastal Navigation policy analysis}{section.3.3}% 33
\BOOKMARK [2][-]{subsection.3.3.3}{Time efficiency \046 Uncertainty}{section.3.3}% 34
\BOOKMARK [1][-]{section.3.4}{Conclusions}{chapter.3}% 35
\BOOKMARK [0][-]{chapter*.48}{References}{}% 36
